2024-03-04 17:24:42 [background-preinit] INFO - HV000001: Hibernate Validator 8.0.0.Final
2024-03-04 17:24:42 [main] INFO - Starting P6eCloudIndexApplication using Java 17.0.7 with PID 32572 (D:\CodeContents\github\p6e-coat-console\p6e-coat-starter-console\target\classes started by a1294 in D:\CodeContents\github\p6e-coat-console)
2024-03-04 17:24:42 [main] INFO - No active profile set, falling back to 1 default profile: "default"
2024-03-04 17:24:43 [main] INFO - Multiple Spring Data modules found, entering strict repository configuration mode
2024-03-04 17:24:43 [main] INFO - Bootstrapping Spring Data JPA repositories in DEFAULT mode.
2024-03-04 17:24:43 [main] INFO - Finished Spring Data repository scanning in 98 ms. Found 9 JPA repository interfaces.
2024-03-04 17:24:43 [main] INFO - Multiple Spring Data modules found, entering strict repository configuration mode
2024-03-04 17:24:43 [main] INFO - Bootstrapping Spring Data Redis repositories in DEFAULT mode.
2024-03-04 17:24:43 [main] INFO - Spring Data Redis - Could not safely identify store assignment for repository candidate interface club.p6e.coat.console.infrastructure.repository.ConfigRepository; If you want this repository to be a Redis repository, consider annotating your entities with one of these annotations: org.springframework.data.redis.core.RedisHash (preferred), or consider extending one of the following types with your repository: org.springframework.data.keyvalue.repository.KeyValueRepository
2024-03-04 17:24:43 [main] INFO - Spring Data Redis - Could not safely identify store assignment for repository candidate interface club.p6e.coat.console.infrastructure.repository.DictionaryRepository; If you want this repository to be a Redis repository, consider annotating your entities with one of these annotations: org.springframework.data.redis.core.RedisHash (preferred), or consider extending one of the following types with your repository: org.springframework.data.keyvalue.repository.KeyValueRepository
2024-03-04 17:24:43 [main] INFO - Spring Data Redis - Could not safely identify store assignment for repository candidate interface club.p6e.coat.console.infrastructure.repository.FileUploadChunkRepository; If you want this repository to be a Redis repository, consider annotating your entities with one of these annotations: org.springframework.data.redis.core.RedisHash (preferred), or consider extending one of the following types with your repository: org.springframework.data.keyvalue.repository.KeyValueRepository
2024-03-04 17:24:43 [main] INFO - Spring Data Redis - Could not safely identify store assignment for repository candidate interface club.p6e.coat.console.infrastructure.repository.FileUploadRepository; If you want this repository to be a Redis repository, consider annotating your entities with one of these annotations: org.springframework.data.redis.core.RedisHash (preferred), or consider extending one of the following types with your repository: org.springframework.data.keyvalue.repository.KeyValueRepository
2024-03-04 17:24:43 [main] INFO - Spring Data Redis - Could not safely identify store assignment for repository candidate interface club.p6e.coat.console.infrastructure.repository.PermissionUrlGroupRelationUrlRepository; If you want this repository to be a Redis repository, consider annotating your entities with one of these annotations: org.springframework.data.redis.core.RedisHash (preferred), or consider extending one of the following types with your repository: org.springframework.data.keyvalue.repository.KeyValueRepository
2024-03-04 17:24:43 [main] INFO - Spring Data Redis - Could not safely identify store assignment for repository candidate interface club.p6e.coat.console.infrastructure.repository.PermissionUrlGroupRepository; If you want this repository to be a Redis repository, consider annotating your entities with one of these annotations: org.springframework.data.redis.core.RedisHash (preferred), or consider extending one of the following types with your repository: org.springframework.data.keyvalue.repository.KeyValueRepository
2024-03-04 17:24:43 [main] INFO - Spring Data Redis - Could not safely identify store assignment for repository candidate interface club.p6e.coat.console.infrastructure.repository.PermissionUrlRepository; If you want this repository to be a Redis repository, consider annotating your entities with one of these annotations: org.springframework.data.redis.core.RedisHash (preferred), or consider extending one of the following types with your repository: org.springframework.data.keyvalue.repository.KeyValueRepository
2024-03-04 17:24:43 [main] INFO - Spring Data Redis - Could not safely identify store assignment for repository candidate interface club.p6e.coat.console.infrastructure.repository.UserAuthRepository; If you want this repository to be a Redis repository, consider annotating your entities with one of these annotations: org.springframework.data.redis.core.RedisHash (preferred), or consider extending one of the following types with your repository: org.springframework.data.keyvalue.repository.KeyValueRepository
2024-03-04 17:24:43 [main] INFO - Spring Data Redis - Could not safely identify store assignment for repository candidate interface club.p6e.coat.console.infrastructure.repository.UserRepository; If you want this repository to be a Redis repository, consider annotating your entities with one of these annotations: org.springframework.data.redis.core.RedisHash (preferred), or consider extending one of the following types with your repository: org.springframework.data.keyvalue.repository.KeyValueRepository
2024-03-04 17:24:43 [main] INFO - Finished Spring Data repository scanning in 6 ms. Found 0 Redis repository interfaces.
2024-03-04 17:24:43 [main] INFO - Tomcat initialized with port(s): 9999 (http)
2024-03-04 17:24:43 [main] INFO - Initializing ProtocolHandler ["http-nio-9999"]
2024-03-04 17:24:43 [main] INFO - Starting service [Tomcat]
2024-03-04 17:24:43 [main] INFO - Starting Servlet engine: [Apache Tomcat/10.1.8]
2024-03-04 17:24:43 [main] INFO - Initializing Spring embedded WebApplicationContext
2024-03-04 17:24:43 [main] INFO - Root WebApplicationContext: initialization completed in 918 ms
2024-03-04 17:24:43 [main] INFO - HikariPool-1 - Starting...
2024-03-04 17:24:44 [main] INFO - HikariPool-1 - Added connection org.postgresql.jdbc.PgConnection@478967eb
2024-03-04 17:24:44 [main] INFO - HikariPool-1 - Start completed.
2024-03-04 17:24:44 [main] INFO - HHH000204: Processing PersistenceUnitInfo [name: default]
2024-03-04 17:24:44 [main] INFO - HHH000412: Hibernate ORM core version 6.2.2.Final
2024-03-04 17:24:44 [main] INFO - HHH000406: Using bytecode reflection optimizer
2024-03-04 17:24:44 [main] INFO - HHH000021: Bytecode provider name : bytebuddy
2024-03-04 17:24:44 [main] INFO - No LoadTimeWeaver setup: ignoring JPA class transformer
2024-03-04 17:24:44 [main] INFO - HHH035001: Using dialect: org.hibernate.dialect.PostgreSQLDialect, version: org.hibernate.engine.jdbc.env.internal.JdbcEnvironmentInitiator$DialectResolutionInfoImpl@5f3f57ff
2024-03-04 17:24:44 [main] INFO - HHH000021: Bytecode provider name : bytebuddy
2024-03-04 17:24:44 [main] INFO - HikariPool-1 - Shutdown initiated...
2024-03-04 17:24:44 [main] INFO - HikariPool-1 - Shutdown completed.
2024-03-04 17:24:44 [main] INFO - Stopping service [Tomcat]
2024-03-04 17:24:44 [main] INFO - 

Error starting ApplicationContext. To display the condition evaluation report re-run your application with 'debug' enabled.
2024-03-04 17:53:49 [background-preinit] INFO - HV000001: Hibernate Validator 8.0.0.Final
2024-03-04 17:53:49 [main] INFO - Starting P6eCloudIndexApplication using Java 17.0.7 with PID 29712 (D:\CodeContents\github\p6e-coat-console\p6e-coat-starter-console\target\classes started by a1294 in D:\CodeContents\github\p6e-coat-console)
2024-03-04 17:53:49 [main] INFO - No active profile set, falling back to 1 default profile: "default"
2024-03-04 17:53:49 [main] INFO - Multiple Spring Data modules found, entering strict repository configuration mode
2024-03-04 17:53:49 [main] INFO - Bootstrapping Spring Data JPA repositories in DEFAULT mode.
2024-03-04 17:53:49 [main] INFO - Finished Spring Data repository scanning in 94 ms. Found 9 JPA repository interfaces.
2024-03-04 17:53:49 [main] INFO - Multiple Spring Data modules found, entering strict repository configuration mode
2024-03-04 17:53:49 [main] INFO - Bootstrapping Spring Data Redis repositories in DEFAULT mode.
2024-03-04 17:53:49 [main] INFO - Spring Data Redis - Could not safely identify store assignment for repository candidate interface club.p6e.coat.console.infrastructure.repository.ConfigRepository; If you want this repository to be a Redis repository, consider annotating your entities with one of these annotations: org.springframework.data.redis.core.RedisHash (preferred), or consider extending one of the following types with your repository: org.springframework.data.keyvalue.repository.KeyValueRepository
2024-03-04 17:53:49 [main] INFO - Spring Data Redis - Could not safely identify store assignment for repository candidate interface club.p6e.coat.console.infrastructure.repository.DictionaryRepository; If you want this repository to be a Redis repository, consider annotating your entities with one of these annotations: org.springframework.data.redis.core.RedisHash (preferred), or consider extending one of the following types with your repository: org.springframework.data.keyvalue.repository.KeyValueRepository
2024-03-04 17:53:49 [main] INFO - Spring Data Redis - Could not safely identify store assignment for repository candidate interface club.p6e.coat.console.infrastructure.repository.FileUploadChunkRepository; If you want this repository to be a Redis repository, consider annotating your entities with one of these annotations: org.springframework.data.redis.core.RedisHash (preferred), or consider extending one of the following types with your repository: org.springframework.data.keyvalue.repository.KeyValueRepository
2024-03-04 17:53:49 [main] INFO - Spring Data Redis - Could not safely identify store assignment for repository candidate interface club.p6e.coat.console.infrastructure.repository.FileUploadRepository; If you want this repository to be a Redis repository, consider annotating your entities with one of these annotations: org.springframework.data.redis.core.RedisHash (preferred), or consider extending one of the following types with your repository: org.springframework.data.keyvalue.repository.KeyValueRepository
2024-03-04 17:53:49 [main] INFO - Spring Data Redis - Could not safely identify store assignment for repository candidate interface club.p6e.coat.console.infrastructure.repository.PermissionUrlGroupRelationUrlRepository; If you want this repository to be a Redis repository, consider annotating your entities with one of these annotations: org.springframework.data.redis.core.RedisHash (preferred), or consider extending one of the following types with your repository: org.springframework.data.keyvalue.repository.KeyValueRepository
2024-03-04 17:53:49 [main] INFO - Spring Data Redis - Could not safely identify store assignment for repository candidate interface club.p6e.coat.console.infrastructure.repository.PermissionUrlGroupRepository; If you want this repository to be a Redis repository, consider annotating your entities with one of these annotations: org.springframework.data.redis.core.RedisHash (preferred), or consider extending one of the following types with your repository: org.springframework.data.keyvalue.repository.KeyValueRepository
2024-03-04 17:53:49 [main] INFO - Spring Data Redis - Could not safely identify store assignment for repository candidate interface club.p6e.coat.console.infrastructure.repository.PermissionUrlRepository; If you want this repository to be a Redis repository, consider annotating your entities with one of these annotations: org.springframework.data.redis.core.RedisHash (preferred), or consider extending one of the following types with your repository: org.springframework.data.keyvalue.repository.KeyValueRepository
2024-03-04 17:53:49 [main] INFO - Spring Data Redis - Could not safely identify store assignment for repository candidate interface club.p6e.coat.console.infrastructure.repository.UserAuthRepository; If you want this repository to be a Redis repository, consider annotating your entities with one of these annotations: org.springframework.data.redis.core.RedisHash (preferred), or consider extending one of the following types with your repository: org.springframework.data.keyvalue.repository.KeyValueRepository
2024-03-04 17:53:49 [main] INFO - Spring Data Redis - Could not safely identify store assignment for repository candidate interface club.p6e.coat.console.infrastructure.repository.UserRepository; If you want this repository to be a Redis repository, consider annotating your entities with one of these annotations: org.springframework.data.redis.core.RedisHash (preferred), or consider extending one of the following types with your repository: org.springframework.data.keyvalue.repository.KeyValueRepository
2024-03-04 17:53:49 [main] INFO - Finished Spring Data repository scanning in 6 ms. Found 0 Redis repository interfaces.
2024-03-04 17:53:49 [main] INFO - Tomcat initialized with port(s): 9999 (http)
2024-03-04 17:53:49 [main] INFO - Initializing ProtocolHandler ["http-nio-9999"]
2024-03-04 17:53:49 [main] INFO - Starting service [Tomcat]
2024-03-04 17:53:49 [main] INFO - Starting Servlet engine: [Apache Tomcat/10.1.8]
2024-03-04 17:53:49 [main] INFO - Initializing Spring embedded WebApplicationContext
2024-03-04 17:53:49 [main] INFO - Root WebApplicationContext: initialization completed in 757 ms
2024-03-04 17:53:49 [main] INFO - HikariPool-1 - Starting...
2024-03-04 17:53:50 [main] INFO - HikariPool-1 - Added connection org.postgresql.jdbc.PgConnection@1d60059f
2024-03-04 17:53:50 [main] INFO - HikariPool-1 - Start completed.
2024-03-04 17:53:50 [main] INFO - HHH000204: Processing PersistenceUnitInfo [name: default]
2024-03-04 17:53:50 [main] INFO - HHH000412: Hibernate ORM core version 6.2.2.Final
2024-03-04 17:53:50 [main] INFO - HHH000406: Using bytecode reflection optimizer
2024-03-04 17:53:50 [main] INFO - HHH000021: Bytecode provider name : bytebuddy
2024-03-04 17:53:50 [main] INFO - No LoadTimeWeaver setup: ignoring JPA class transformer
2024-03-04 17:53:50 [main] INFO - HHH035001: Using dialect: org.hibernate.dialect.PostgreSQLDialect, version: org.hibernate.engine.jdbc.env.internal.JdbcEnvironmentInitiator$DialectResolutionInfoImpl@2acca224
2024-03-04 17:53:50 [main] INFO - HHH000021: Bytecode provider name : bytebuddy
2024-03-04 17:53:51 [main] INFO - HHH000490: Using JtaPlatform implementation: [org.hibernate.engine.transaction.jta.platform.internal.NoJtaPlatform]
2024-03-04 17:53:51 [main] INFO - Initialized JPA EntityManagerFactory for persistence unit 'default'
2024-03-04 17:53:51 [main] INFO - Starting ProtocolHandler ["http-nio-9999"]
2024-03-04 17:53:51 [main] INFO - Tomcat started on port(s): 9999 (http) with context path ''
2024-03-04 17:53:51 [main] INFO - Started P6eCloudIndexApplication in 3.103 seconds (process running for 3.375)
2024-03-04 18:10:48 [SpringApplicationShutdownHook] INFO - Closing JPA EntityManagerFactory for persistence unit 'default'
2024-03-04 18:10:48 [SpringApplicationShutdownHook] INFO - HikariPool-1 - Shutdown initiated...
2024-03-04 18:10:48 [SpringApplicationShutdownHook] INFO - HikariPool-1 - Shutdown completed.
2024-03-04 18:10:51 [background-preinit] INFO - HV000001: Hibernate Validator 8.0.0.Final
2024-03-04 18:10:51 [main] INFO - Starting P6eCloudIndexApplication using Java 17.0.7 with PID 16672 (D:\CodeContents\github\p6e-coat-console\p6e-coat-starter-console\target\classes started by a1294 in D:\CodeContents\github\p6e-coat-console)
2024-03-04 18:10:51 [main] INFO - No active profile set, falling back to 1 default profile: "default"
2024-03-04 18:10:51 [main] INFO - Multiple Spring Data modules found, entering strict repository configuration mode
2024-03-04 18:10:51 [main] INFO - Bootstrapping Spring Data JPA repositories in DEFAULT mode.
2024-03-04 18:10:51 [main] INFO - Finished Spring Data repository scanning in 122 ms. Found 9 JPA repository interfaces.
2024-03-04 18:10:51 [main] INFO - Multiple Spring Data modules found, entering strict repository configuration mode
2024-03-04 18:10:51 [main] INFO - Bootstrapping Spring Data Redis repositories in DEFAULT mode.
2024-03-04 18:10:51 [main] INFO - Spring Data Redis - Could not safely identify store assignment for repository candidate interface club.p6e.coat.console.infrastructure.repository.ConfigRepository; If you want this repository to be a Redis repository, consider annotating your entities with one of these annotations: org.springframework.data.redis.core.RedisHash (preferred), or consider extending one of the following types with your repository: org.springframework.data.keyvalue.repository.KeyValueRepository
2024-03-04 18:10:51 [main] INFO - Spring Data Redis - Could not safely identify store assignment for repository candidate interface club.p6e.coat.console.infrastructure.repository.DictionaryRepository; If you want this repository to be a Redis repository, consider annotating your entities with one of these annotations: org.springframework.data.redis.core.RedisHash (preferred), or consider extending one of the following types with your repository: org.springframework.data.keyvalue.repository.KeyValueRepository
2024-03-04 18:10:51 [main] INFO - Spring Data Redis - Could not safely identify store assignment for repository candidate interface club.p6e.coat.console.infrastructure.repository.FileUploadChunkRepository; If you want this repository to be a Redis repository, consider annotating your entities with one of these annotations: org.springframework.data.redis.core.RedisHash (preferred), or consider extending one of the following types with your repository: org.springframework.data.keyvalue.repository.KeyValueRepository
2024-03-04 18:10:51 [main] INFO - Spring Data Redis - Could not safely identify store assignment for repository candidate interface club.p6e.coat.console.infrastructure.repository.FileUploadRepository; If you want this repository to be a Redis repository, consider annotating your entities with one of these annotations: org.springframework.data.redis.core.RedisHash (preferred), or consider extending one of the following types with your repository: org.springframework.data.keyvalue.repository.KeyValueRepository
2024-03-04 18:10:51 [main] INFO - Spring Data Redis - Could not safely identify store assignment for repository candidate interface club.p6e.coat.console.infrastructure.repository.PermissionUrlGroupRelationUrlRepository; If you want this repository to be a Redis repository, consider annotating your entities with one of these annotations: org.springframework.data.redis.core.RedisHash (preferred), or consider extending one of the following types with your repository: org.springframework.data.keyvalue.repository.KeyValueRepository
2024-03-04 18:10:51 [main] INFO - Spring Data Redis - Could not safely identify store assignment for repository candidate interface club.p6e.coat.console.infrastructure.repository.PermissionUrlGroupRepository; If you want this repository to be a Redis repository, consider annotating your entities with one of these annotations: org.springframework.data.redis.core.RedisHash (preferred), or consider extending one of the following types with your repository: org.springframework.data.keyvalue.repository.KeyValueRepository
2024-03-04 18:10:51 [main] INFO - Spring Data Redis - Could not safely identify store assignment for repository candidate interface club.p6e.coat.console.infrastructure.repository.PermissionUrlRepository; If you want this repository to be a Redis repository, consider annotating your entities with one of these annotations: org.springframework.data.redis.core.RedisHash (preferred), or consider extending one of the following types with your repository: org.springframework.data.keyvalue.repository.KeyValueRepository
2024-03-04 18:10:51 [main] INFO - Spring Data Redis - Could not safely identify store assignment for repository candidate interface club.p6e.coat.console.infrastructure.repository.UserAuthRepository; If you want this repository to be a Redis repository, consider annotating your entities with one of these annotations: org.springframework.data.redis.core.RedisHash (preferred), or consider extending one of the following types with your repository: org.springframework.data.keyvalue.repository.KeyValueRepository
2024-03-04 18:10:51 [main] INFO - Spring Data Redis - Could not safely identify store assignment for repository candidate interface club.p6e.coat.console.infrastructure.repository.UserRepository; If you want this repository to be a Redis repository, consider annotating your entities with one of these annotations: org.springframework.data.redis.core.RedisHash (preferred), or consider extending one of the following types with your repository: org.springframework.data.keyvalue.repository.KeyValueRepository
2024-03-04 18:10:51 [main] INFO - Finished Spring Data repository scanning in 6 ms. Found 0 Redis repository interfaces.
2024-03-04 18:10:51 [main] INFO - Tomcat initialized with port(s): 9999 (http)
2024-03-04 18:10:51 [main] INFO - Initializing ProtocolHandler ["http-nio-9999"]
2024-03-04 18:10:51 [main] INFO - Starting service [Tomcat]
2024-03-04 18:10:51 [main] INFO - Starting Servlet engine: [Apache Tomcat/10.1.8]
2024-03-04 18:10:51 [main] INFO - Initializing Spring embedded WebApplicationContext
2024-03-04 18:10:51 [main] INFO - Root WebApplicationContext: initialization completed in 825 ms
2024-03-04 18:10:51 [main] INFO - HikariPool-1 - Starting...
2024-03-04 18:10:52 [main] INFO - HikariPool-1 - Added connection org.postgresql.jdbc.PgConnection@5463f035
2024-03-04 18:10:52 [main] INFO - HikariPool-1 - Start completed.
2024-03-04 18:10:52 [main] INFO - HHH000204: Processing PersistenceUnitInfo [name: default]
2024-03-04 18:10:52 [main] INFO - HHH000412: Hibernate ORM core version 6.2.2.Final
2024-03-04 18:10:52 [main] INFO - HHH000406: Using bytecode reflection optimizer
2024-03-04 18:10:52 [main] INFO - HHH000021: Bytecode provider name : bytebuddy
2024-03-04 18:10:52 [main] INFO - No LoadTimeWeaver setup: ignoring JPA class transformer
2024-03-04 18:10:52 [main] INFO - HHH035001: Using dialect: org.hibernate.dialect.PostgreSQLDialect, version: org.hibernate.engine.jdbc.env.internal.JdbcEnvironmentInitiator$DialectResolutionInfoImpl@cf9bd1e
2024-03-04 18:10:52 [main] INFO - HHH000021: Bytecode provider name : bytebuddy
2024-03-04 18:10:53 [main] INFO - HHH000490: Using JtaPlatform implementation: [org.hibernate.engine.transaction.jta.platform.internal.NoJtaPlatform]
2024-03-04 18:10:53 [main] INFO - Initialized JPA EntityManagerFactory for persistence unit 'default'
2024-03-04 18:10:53 [main] INFO - Starting ProtocolHandler ["http-nio-9999"]
2024-03-04 18:10:53 [main] INFO - Tomcat started on port(s): 9999 (http) with context path ''
2024-03-04 18:10:53 [main] INFO - Started P6eCloudIndexApplication in 2.976 seconds (process running for 3.265)
2024-03-04 18:11:59 [http-nio-9999-exec-1] INFO - Initializing Spring DispatcherServlet 'dispatcherServlet'
2024-03-04 18:11:59 [http-nio-9999-exec-1] INFO - Initializing Servlet 'dispatcherServlet'
2024-03-04 18:11:59 [http-nio-9999-exec-1] INFO - Completed initialization in 1 ms
2024-03-04 18:22:59 [background-preinit] INFO - HV000001: Hibernate Validator 8.0.0.Final
2024-03-04 18:22:59 [main] INFO - Starting P6eCloudIndexApplication using Java 17.0.7 with PID 22828 (D:\CodeContents\github\p6e-coat-console\p6e-coat-starter-console\target\classes started by a1294 in D:\CodeContents\github\p6e-coat-console)
2024-03-04 18:22:59 [main] INFO - No active profile set, falling back to 1 default profile: "default"
2024-03-04 18:23:00 [main] INFO - Multiple Spring Data modules found, entering strict repository configuration mode
2024-03-04 18:23:00 [main] INFO - Bootstrapping Spring Data JPA repositories in DEFAULT mode.
2024-03-04 18:23:00 [main] INFO - Finished Spring Data repository scanning in 100 ms. Found 9 JPA repository interfaces.
2024-03-04 18:23:00 [main] INFO - Multiple Spring Data modules found, entering strict repository configuration mode
2024-03-04 18:23:00 [main] INFO - Bootstrapping Spring Data Redis repositories in DEFAULT mode.
2024-03-04 18:23:00 [main] INFO - Spring Data Redis - Could not safely identify store assignment for repository candidate interface club.p6e.coat.console.infrastructure.repository.ConfigRepository; If you want this repository to be a Redis repository, consider annotating your entities with one of these annotations: org.springframework.data.redis.core.RedisHash (preferred), or consider extending one of the following types with your repository: org.springframework.data.keyvalue.repository.KeyValueRepository
2024-03-04 18:23:00 [main] INFO - Spring Data Redis - Could not safely identify store assignment for repository candidate interface club.p6e.coat.console.infrastructure.repository.DictionaryRepository; If you want this repository to be a Redis repository, consider annotating your entities with one of these annotations: org.springframework.data.redis.core.RedisHash (preferred), or consider extending one of the following types with your repository: org.springframework.data.keyvalue.repository.KeyValueRepository
2024-03-04 18:23:00 [main] INFO - Spring Data Redis - Could not safely identify store assignment for repository candidate interface club.p6e.coat.console.infrastructure.repository.FileUploadChunkRepository; If you want this repository to be a Redis repository, consider annotating your entities with one of these annotations: org.springframework.data.redis.core.RedisHash (preferred), or consider extending one of the following types with your repository: org.springframework.data.keyvalue.repository.KeyValueRepository
2024-03-04 18:23:00 [main] INFO - Spring Data Redis - Could not safely identify store assignment for repository candidate interface club.p6e.coat.console.infrastructure.repository.FileUploadRepository; If you want this repository to be a Redis repository, consider annotating your entities with one of these annotations: org.springframework.data.redis.core.RedisHash (preferred), or consider extending one of the following types with your repository: org.springframework.data.keyvalue.repository.KeyValueRepository
2024-03-04 18:23:00 [main] INFO - Spring Data Redis - Could not safely identify store assignment for repository candidate interface club.p6e.coat.console.infrastructure.repository.PermissionUrlGroupRelationUrlRepository; If you want this repository to be a Redis repository, consider annotating your entities with one of these annotations: org.springframework.data.redis.core.RedisHash (preferred), or consider extending one of the following types with your repository: org.springframework.data.keyvalue.repository.KeyValueRepository
2024-03-04 18:23:00 [main] INFO - Spring Data Redis - Could not safely identify store assignment for repository candidate interface club.p6e.coat.console.infrastructure.repository.PermissionUrlGroupRepository; If you want this repository to be a Redis repository, consider annotating your entities with one of these annotations: org.springframework.data.redis.core.RedisHash (preferred), or consider extending one of the following types with your repository: org.springframework.data.keyvalue.repository.KeyValueRepository
2024-03-04 18:23:00 [main] INFO - Spring Data Redis - Could not safely identify store assignment for repository candidate interface club.p6e.coat.console.infrastructure.repository.PermissionUrlRepository; If you want this repository to be a Redis repository, consider annotating your entities with one of these annotations: org.springframework.data.redis.core.RedisHash (preferred), or consider extending one of the following types with your repository: org.springframework.data.keyvalue.repository.KeyValueRepository
2024-03-04 18:23:00 [main] INFO - Spring Data Redis - Could not safely identify store assignment for repository candidate interface club.p6e.coat.console.infrastructure.repository.UserAuthRepository; If you want this repository to be a Redis repository, consider annotating your entities with one of these annotations: org.springframework.data.redis.core.RedisHash (preferred), or consider extending one of the following types with your repository: org.springframework.data.keyvalue.repository.KeyValueRepository
2024-03-04 18:23:00 [main] INFO - Spring Data Redis - Could not safely identify store assignment for repository candidate interface club.p6e.coat.console.infrastructure.repository.UserRepository; If you want this repository to be a Redis repository, consider annotating your entities with one of these annotations: org.springframework.data.redis.core.RedisHash (preferred), or consider extending one of the following types with your repository: org.springframework.data.keyvalue.repository.KeyValueRepository
2024-03-04 18:23:00 [main] INFO - Finished Spring Data repository scanning in 6 ms. Found 0 Redis repository interfaces.
2024-03-04 18:23:00 [main] INFO - Tomcat initialized with port(s): 9999 (http)
2024-03-04 18:23:00 [main] INFO - Initializing ProtocolHandler ["http-nio-9999"]
2024-03-04 18:23:00 [main] INFO - Starting service [Tomcat]
2024-03-04 18:23:00 [main] INFO - Starting Servlet engine: [Apache Tomcat/10.1.8]
2024-03-04 18:23:00 [main] INFO - Initializing Spring embedded WebApplicationContext
2024-03-04 18:23:00 [main] INFO - Root WebApplicationContext: initialization completed in 802 ms
2024-03-04 18:23:00 [main] INFO - HikariPool-1 - Starting...
2024-03-04 18:23:00 [main] INFO - HikariPool-1 - Added connection org.postgresql.jdbc.PgConnection@22f8adc2
2024-03-04 18:23:00 [main] INFO - HikariPool-1 - Start completed.
2024-03-04 18:23:00 [main] INFO - HHH000204: Processing PersistenceUnitInfo [name: default]
2024-03-04 18:23:00 [main] INFO - HHH000412: Hibernate ORM core version 6.2.2.Final
2024-03-04 18:23:00 [main] INFO - HHH000406: Using bytecode reflection optimizer
2024-03-04 18:23:01 [main] INFO - HHH000021: Bytecode provider name : bytebuddy
2024-03-04 18:23:01 [main] INFO - No LoadTimeWeaver setup: ignoring JPA class transformer
2024-03-04 18:23:01 [main] INFO - HHH035001: Using dialect: org.hibernate.dialect.PostgreSQLDialect, version: org.hibernate.engine.jdbc.env.internal.JdbcEnvironmentInitiator$DialectResolutionInfoImpl@4f581211
2024-03-04 18:23:01 [main] INFO - HHH000021: Bytecode provider name : bytebuddy
2024-03-04 18:23:01 [main] INFO - HHH000490: Using JtaPlatform implementation: [org.hibernate.engine.transaction.jta.platform.internal.NoJtaPlatform]
2024-03-04 18:23:01 [main] INFO - Initialized JPA EntityManagerFactory for persistence unit 'default'
2024-03-04 18:23:02 [main] INFO - Starting ProtocolHandler ["http-nio-9999"]
2024-03-04 18:23:02 [main] INFO - Tomcat started on port(s): 9999 (http) with context path ''
2024-03-04 18:23:02 [main] INFO - Started P6eCloudIndexApplication in 2.861 seconds (process running for 3.15)
2024-03-04 18:23:08 [http-nio-9999-exec-1] INFO - Initializing Spring DispatcherServlet 'dispatcherServlet'
2024-03-04 18:23:08 [http-nio-9999-exec-1] INFO - Initializing Servlet 'dispatcherServlet'
2024-03-04 18:23:08 [http-nio-9999-exec-1] INFO - Completed initialization in 1 ms
2024-03-04 18:27:48 [background-preinit] INFO - HV000001: Hibernate Validator 8.0.0.Final
2024-03-04 18:27:48 [main] INFO - Starting P6eCloudIndexApplication using Java 17.0.7 with PID 23152 (D:\CodeContents\github\p6e-coat-console\p6e-coat-starter-console\target\classes started by a1294 in D:\CodeContents\github\p6e-coat-console)
2024-03-04 18:27:48 [main] INFO - No active profile set, falling back to 1 default profile: "default"
2024-03-04 18:27:48 [main] INFO - Multiple Spring Data modules found, entering strict repository configuration mode
2024-03-04 18:27:48 [main] INFO - Bootstrapping Spring Data JPA repositories in DEFAULT mode.
2024-03-04 18:27:48 [main] INFO - Finished Spring Data repository scanning in 93 ms. Found 9 JPA repository interfaces.
2024-03-04 18:27:48 [main] INFO - Multiple Spring Data modules found, entering strict repository configuration mode
2024-03-04 18:27:48 [main] INFO - Bootstrapping Spring Data Redis repositories in DEFAULT mode.
2024-03-04 18:27:48 [main] INFO - Spring Data Redis - Could not safely identify store assignment for repository candidate interface club.p6e.coat.console.infrastructure.repository.ConfigRepository; If you want this repository to be a Redis repository, consider annotating your entities with one of these annotations: org.springframework.data.redis.core.RedisHash (preferred), or consider extending one of the following types with your repository: org.springframework.data.keyvalue.repository.KeyValueRepository
2024-03-04 18:27:48 [main] INFO - Spring Data Redis - Could not safely identify store assignment for repository candidate interface club.p6e.coat.console.infrastructure.repository.DictionaryRepository; If you want this repository to be a Redis repository, consider annotating your entities with one of these annotations: org.springframework.data.redis.core.RedisHash (preferred), or consider extending one of the following types with your repository: org.springframework.data.keyvalue.repository.KeyValueRepository
2024-03-04 18:27:48 [main] INFO - Spring Data Redis - Could not safely identify store assignment for repository candidate interface club.p6e.coat.console.infrastructure.repository.FileUploadChunkRepository; If you want this repository to be a Redis repository, consider annotating your entities with one of these annotations: org.springframework.data.redis.core.RedisHash (preferred), or consider extending one of the following types with your repository: org.springframework.data.keyvalue.repository.KeyValueRepository
2024-03-04 18:27:48 [main] INFO - Spring Data Redis - Could not safely identify store assignment for repository candidate interface club.p6e.coat.console.infrastructure.repository.FileUploadRepository; If you want this repository to be a Redis repository, consider annotating your entities with one of these annotations: org.springframework.data.redis.core.RedisHash (preferred), or consider extending one of the following types with your repository: org.springframework.data.keyvalue.repository.KeyValueRepository
2024-03-04 18:27:48 [main] INFO - Spring Data Redis - Could not safely identify store assignment for repository candidate interface club.p6e.coat.console.infrastructure.repository.PermissionUrlGroupRelationUrlRepository; If you want this repository to be a Redis repository, consider annotating your entities with one of these annotations: org.springframework.data.redis.core.RedisHash (preferred), or consider extending one of the following types with your repository: org.springframework.data.keyvalue.repository.KeyValueRepository
2024-03-04 18:27:48 [main] INFO - Spring Data Redis - Could not safely identify store assignment for repository candidate interface club.p6e.coat.console.infrastructure.repository.PermissionUrlGroupRepository; If you want this repository to be a Redis repository, consider annotating your entities with one of these annotations: org.springframework.data.redis.core.RedisHash (preferred), or consider extending one of the following types with your repository: org.springframework.data.keyvalue.repository.KeyValueRepository
2024-03-04 18:27:48 [main] INFO - Spring Data Redis - Could not safely identify store assignment for repository candidate interface club.p6e.coat.console.infrastructure.repository.PermissionUrlRepository; If you want this repository to be a Redis repository, consider annotating your entities with one of these annotations: org.springframework.data.redis.core.RedisHash (preferred), or consider extending one of the following types with your repository: org.springframework.data.keyvalue.repository.KeyValueRepository
2024-03-04 18:27:48 [main] INFO - Spring Data Redis - Could not safely identify store assignment for repository candidate interface club.p6e.coat.console.infrastructure.repository.UserAuthRepository; If you want this repository to be a Redis repository, consider annotating your entities with one of these annotations: org.springframework.data.redis.core.RedisHash (preferred), or consider extending one of the following types with your repository: org.springframework.data.keyvalue.repository.KeyValueRepository
2024-03-04 18:27:48 [main] INFO - Spring Data Redis - Could not safely identify store assignment for repository candidate interface club.p6e.coat.console.infrastructure.repository.UserRepository; If you want this repository to be a Redis repository, consider annotating your entities with one of these annotations: org.springframework.data.redis.core.RedisHash (preferred), or consider extending one of the following types with your repository: org.springframework.data.keyvalue.repository.KeyValueRepository
2024-03-04 18:27:48 [main] INFO - Finished Spring Data repository scanning in 10 ms. Found 0 Redis repository interfaces.
2024-03-04 18:27:49 [main] INFO - Tomcat initialized with port(s): 9999 (http)
2024-03-04 18:27:49 [main] INFO - Initializing ProtocolHandler ["http-nio-9999"]
2024-03-04 18:27:49 [main] INFO - Starting service [Tomcat]
2024-03-04 18:27:49 [main] INFO - Starting Servlet engine: [Apache Tomcat/10.1.8]
2024-03-04 18:27:49 [main] INFO - Initializing Spring embedded WebApplicationContext
2024-03-04 18:27:49 [main] INFO - Root WebApplicationContext: initialization completed in 785 ms
2024-03-04 18:27:49 [main] INFO - HikariPool-1 - Starting...
2024-03-04 18:27:49 [main] INFO - HikariPool-1 - Added connection org.postgresql.jdbc.PgConnection@1d60059f
2024-03-04 18:27:49 [main] INFO - HikariPool-1 - Start completed.
2024-03-04 18:27:49 [main] INFO - HHH000204: Processing PersistenceUnitInfo [name: default]
2024-03-04 18:27:49 [main] INFO - HHH000412: Hibernate ORM core version 6.2.2.Final
2024-03-04 18:27:49 [main] INFO - HHH000406: Using bytecode reflection optimizer
2024-03-04 18:27:49 [main] INFO - HHH000021: Bytecode provider name : bytebuddy
2024-03-04 18:27:49 [main] INFO - No LoadTimeWeaver setup: ignoring JPA class transformer
2024-03-04 18:27:49 [main] INFO - HHH035001: Using dialect: org.hibernate.dialect.PostgreSQLDialect, version: org.hibernate.engine.jdbc.env.internal.JdbcEnvironmentInitiator$DialectResolutionInfoImpl@2acca224
2024-03-04 18:27:50 [main] INFO - HHH000021: Bytecode provider name : bytebuddy
2024-03-04 18:27:50 [main] INFO - HHH000490: Using JtaPlatform implementation: [org.hibernate.engine.transaction.jta.platform.internal.NoJtaPlatform]
2024-03-04 18:27:50 [main] INFO - Initialized JPA EntityManagerFactory for persistence unit 'default'
2024-03-04 18:27:51 [main] INFO - Starting ProtocolHandler ["http-nio-9999"]
2024-03-04 18:27:51 [main] INFO - Tomcat started on port(s): 9999 (http) with context path ''
2024-03-04 18:27:51 [main] INFO - Started P6eCloudIndexApplication in 2.864 seconds (process running for 3.16)
2024-03-04 18:28:02 [http-nio-9999-exec-1] INFO - Initializing Spring DispatcherServlet 'dispatcherServlet'
2024-03-04 18:28:02 [http-nio-9999-exec-1] INFO - Initializing Servlet 'dispatcherServlet'
2024-03-04 18:28:02 [http-nio-9999-exec-1] INFO - Completed initialization in 0 ms
